<?xml version="1.0" encoding="UTF-8"?>
<!-- Generated by org.testng.reporters.JUnitXMLReporter -->
<testsuite ignored="0" hostname="admins-MacBook-Pro-3.local" failures="0" tests="6" name="Command line test" time="0.044" errors="0" timestamp="19 Dec 2019 21:07:41 GMT">
  <testcase classname="MavenREST.my_project.RestAssuredTest" name="FirstRestAssuredTest" time="0.006"/>
  <testcase classname="MavenREST.my_project.RestAssuredTest" name="SecondRestAssuredTest" time="0.003"/>
  <testcase classname="MavenREST.my_project.AppiumTest" name="FirstAppiumTest" time="0.0"/>
  <testcase classname="MavenREST.my_project.AppiumTest" name="SecondAppiumTest" time="0.0"/>
  <testcase classname="MavenREST.my_project.SeleniumTest" name="FirstSeleniumTest" time="0.0"/>
  <testcase classname="MavenREST.my_project.SeleniumTest" name="SecondSeleniumTest" time="0.0"/>
</testsuite> <!-- Command line test -->
