<?xml version="1.0" encoding="UTF-8"?>
<!-- Generated by org.testng.reporters.JUnitXMLReporter -->
<testsuite hostname="admins-MacBook-Pro-3.local" ignored="0" name="Test" tests="6" failures="0" timestamp="26 Dec 2019 20:15:17 GMT" time="0.051" errors="0">
  <testcase name="FirstAppiumTest" time="0.008" classname="MavenREST.my_project.AppiumTest"/>
  <testcase name="SecondAppiumTest" time="0.001" classname="MavenREST.my_project.AppiumTest"/>
  <testcase name="FirstRestAssuredTest" time="0.0" classname="MavenREST.my_project.RestAssuredTest"/>
  <testcase name="SecondRestAssuredTest" time="0.001" classname="MavenREST.my_project.RestAssuredTest"/>
  <testcase name="FirstSeleniumTest" time="0.0" classname="MavenREST.my_project.SeleniumTest"/>
  <testcase name="SecondSeleniumTest" time="0.001" classname="MavenREST.my_project.SeleniumTest"/>
</testsuite> <!-- Test -->
